<?xml version="1.0" encoding="UTF-8"?>
<TestRun id="a1df0be5-eaed-474d-bc6a-3a02bc29a113" name="KRoach@KENROACHLAPTOP 2016-04-11 13:56:11" runUser="KenRoachLaptop\KRoach" xmlns="http://microsoft.com/schemas/VisualStudio/TeamTest/2010">
  <TestSettings name="Local" id="1db79200-94e9-4abe-b1af-bd478450da06">
    <Description>These are default test settings for a local test run.</Description>
    <Deployment enabled="false" runDeploymentRoot="KRoach_KENROACHLAPTOP 2016-04-11 13_56_11">
      <DeploymentItem filename="D:\ksu\ClassLibrary1\ClassLibrary1\bin\Debug\ClassLibrary1.dll" />
    </Deployment>
    <Execution>
      <TestTypeSpecific />
      <AgentRule name="Execution Agents">
      </AgentRule>
    </Execution>
  </TestSettings>
  <Times creation="2016-04-11T13:56:11.3040056-04:00" queuing="2016-04-11T13:56:14.4861876-04:00" start="2016-04-11T13:56:14.6061944-04:00" finish="2016-04-11T13:56:31.8641815-04:00" />
  <ResultSummary outcome="Error">
    <Counters total="2" executed="2" passed="1" error="0" failed="0" timeout="0" aborted="1" inconclusive="0" passedButRunAborted="0" notRunnable="0" notExecuted="0" disconnected="0" warning="0" completed="0" inProgress="0" pending="0" />
    <RunInfos>
      <RunInfo computerName="KENROACHLAPTOP" outcome="Error" timestamp="2016-04-11T13:56:31.8621814-04:00">
        <Text>Test host process exited unexpectedly.</Text>
      </RunInfo>
    </RunInfos>
  </ResultSummary>
  <TestDefinitions>
    <UnitTest name="TestGutter" storage="d:\ksu2\bowlinggamestest\bowlinggamestest\bin\debug\bowlinggamestest.dll" id="da8ec00d-e275-2139-8d9a-7f8698a65513">
      <Execution id="9b962992-e333-47e8-8469-9a1fed3e2abe" />
      <TestMethod codeBase="d:/KSU2/BowlingGamesTest/BowlingGamesTest/bin/Debug/BowlingGamesTest.DLL" adapterTypeName="Microsoft.VisualStudio.TestTools.TestTypes.Unit.UnitTestAdapter, Microsoft.VisualStudio.QualityTools.Tips.UnitTest.Adapter, Version=10.0.0.0, Culture=neutral, PublicKeyToken=b03f5f7f11d50a3a" className="BowlingGamesTest.BowlingGameTest, BowlingGamesTest, Version=1.0.0.0, Culture=neutral, PublicKeyToken=null" name="TestGutter" />
    </UnitTest>
    <UnitTest name="TestHittingOnePin" storage="d:\ksu2\bowlinggamestest\bowlinggamestest\bin\debug\bowlinggamestest.dll" id="04e56434-7492-10f0-6745-256af73e56eb">
      <Execution id="bb3baf09-3210-4107-922f-5678c80684e3" />
      <TestMethod codeBase="d:/KSU2/BowlingGamesTest/BowlingGamesTest/bin/Debug/BowlingGamesTest.DLL" adapterTypeName="Microsoft.VisualStudio.TestTools.TestTypes.Unit.UnitTestAdapter, Microsoft.VisualStudio.QualityTools.Tips.UnitTest.Adapter, Version=10.0.0.0, Culture=neutral, PublicKeyToken=b03f5f7f11d50a3a" className="BowlingGamesTest.BowlingGameTest, BowlingGamesTest, Version=1.0.0.0, Culture=neutral, PublicKeyToken=null" name="TestHittingOnePin" />
    </UnitTest>
  </TestDefinitions>
  <TestLists>
    <TestList name="Results Not in a List" id="8c84fa94-04c1-424b-9868-57a2d4851a1d" />
    <TestList name="All Loaded Results" id="19431567-8539-422a-85d7-44ee4e166bda" />
  </TestLists>
  <TestEntries>
    <TestEntry testId="da8ec00d-e275-2139-8d9a-7f8698a65513" executionId="9b962992-e333-47e8-8469-9a1fed3e2abe" testListId="8c84fa94-04c1-424b-9868-57a2d4851a1d" />
    <TestEntry testId="04e56434-7492-10f0-6745-256af73e56eb" executionId="bb3baf09-3210-4107-922f-5678c80684e3" testListId="8c84fa94-04c1-424b-9868-57a2d4851a1d" />
  </TestEntries>
  <Results>
    <UnitTestResult executionId="9b962992-e333-47e8-8469-9a1fed3e2abe" testId="da8ec00d-e275-2139-8d9a-7f8698a65513" testName="TestGutter" computerName="KENROACHLAPTOP" duration="00:00:00.0394895" startTime="2016-04-11T13:56:14.6751984-04:00" endTime="2016-04-11T13:56:18.2354020-04:00" testType="13cdc9d9-ddb5-4fa4-a97d-d965ccfc6d4b" outcome="Passed" testListId="8c84fa94-04c1-424b-9868-57a2d4851a1d" relativeResultsDirectory="9b962992-e333-47e8-8469-9a1fed3e2abe">
    </UnitTestResult>
    <UnitTestResult executionId="bb3baf09-3210-4107-922f-5678c80684e3" testId="04e56434-7492-10f0-6745-256af73e56eb" testName="TestHittingOnePin" computerName="KENROACHLAPTOP" duration="00:00:13.6057782" startTime="2016-04-11T13:56:18.2584033-04:00" endTime="2016-04-11T13:56:31.8641815-04:00" testType="13cdc9d9-ddb5-4fa4-a97d-d965ccfc6d4b" outcome="Aborted" testListId="8c84fa94-04c1-424b-9868-57a2d4851a1d" relativeResultsDirectory="bb3baf09-3210-4107-922f-5678c80684e3">
    </UnitTestResult>
  </Results>
</TestRun>