<?xml version="1.0" encoding="UTF-8"?>
<TestRun id="9bac477c-1498-4896-ae73-4584190f3c91" name="KRoach@KENROACHLAPTOP 2016-04-11 13:55:55" runUser="KenRoachLaptop\KRoach" xmlns="http://microsoft.com/schemas/VisualStudio/TeamTest/2010">
  <TestSettings name="Local" id="1db79200-94e9-4abe-b1af-bd478450da06">
    <Description>These are default test settings for a local test run.</Description>
    <Deployment enabled="false" runDeploymentRoot="KRoach_KENROACHLAPTOP 2016-04-11 13_55_55">
      <DeploymentItem filename="D:\ksu\ClassLibrary1\ClassLibrary1\bin\Debug\ClassLibrary1.dll" />
    </Deployment>
    <Execution>
      <TestTypeSpecific />
      <AgentRule name="Execution Agents">
      </AgentRule>
    </Execution>
  </TestSettings>
  <Times creation="2016-04-11T13:55:55.9661283-04:00" queuing="2016-04-11T13:55:58.7922899-04:00" start="2016-04-11T13:55:58.8882954-04:00" finish="2016-04-11T13:56:02.5035022-04:00" />
  <ResultSummary outcome="Completed">
    <Counters total="2" executed="2" passed="2" error="0" failed="0" timeout="0" aborted="0" inconclusive="0" passedButRunAborted="0" notRunnable="0" notExecuted="0" disconnected="0" warning="0" completed="0" inProgress="0" pending="0" />
  </ResultSummary>
  <TestDefinitions>
    <UnitTest name="TestGutter" storage="d:\ksu2\bowlinggamestest\bowlinggamestest\bin\debug\bowlinggamestest.dll" id="da8ec00d-e275-2139-8d9a-7f8698a65513">
      <Execution id="c7d737bb-a426-4707-b182-b1a6f2924ae0" />
      <TestMethod codeBase="d:/KSU2/BowlingGamesTest/BowlingGamesTest/bin/Debug/BowlingGamesTest.DLL" adapterTypeName="Microsoft.VisualStudio.TestTools.TestTypes.Unit.UnitTestAdapter, Microsoft.VisualStudio.QualityTools.Tips.UnitTest.Adapter, Version=10.0.0.0, Culture=neutral, PublicKeyToken=b03f5f7f11d50a3a" className="BowlingGamesTest.BowlingGameTest, BowlingGamesTest, Version=1.0.0.0, Culture=neutral, PublicKeyToken=null" name="TestGutter" />
    </UnitTest>
    <UnitTest name="TestHittingOnePin" storage="d:\ksu2\bowlinggamestest\bowlinggamestest\bin\debug\bowlinggamestest.dll" id="04e56434-7492-10f0-6745-256af73e56eb">
      <Execution id="127952b8-dea3-4fd2-bb35-2c0574bace9e" />
      <TestMethod codeBase="d:/KSU2/BowlingGamesTest/BowlingGamesTest/bin/Debug/BowlingGamesTest.DLL" adapterTypeName="Microsoft.VisualStudio.TestTools.TestTypes.Unit.UnitTestAdapter, Microsoft.VisualStudio.QualityTools.Tips.UnitTest.Adapter, Version=10.0.0.0, Culture=neutral, PublicKeyToken=b03f5f7f11d50a3a" className="BowlingGamesTest.BowlingGameTest, BowlingGamesTest, Version=1.0.0.0, Culture=neutral, PublicKeyToken=null" name="TestHittingOnePin" />
    </UnitTest>
  </TestDefinitions>
  <TestLists>
    <TestList name="Results Not in a List" id="8c84fa94-04c1-424b-9868-57a2d4851a1d" />
    <TestList name="All Loaded Results" id="19431567-8539-422a-85d7-44ee4e166bda" />
  </TestLists>
  <TestEntries>
    <TestEntry testId="da8ec00d-e275-2139-8d9a-7f8698a65513" executionId="c7d737bb-a426-4707-b182-b1a6f2924ae0" testListId="8c84fa94-04c1-424b-9868-57a2d4851a1d" />
    <TestEntry testId="04e56434-7492-10f0-6745-256af73e56eb" executionId="127952b8-dea3-4fd2-bb35-2c0574bace9e" testListId="8c84fa94-04c1-424b-9868-57a2d4851a1d" />
  </TestEntries>
  <Results>
    <UnitTestResult executionId="c7d737bb-a426-4707-b182-b1a6f2924ae0" testId="da8ec00d-e275-2139-8d9a-7f8698a65513" testName="TestGutter" computerName="KENROACHLAPTOP" duration="00:00:00.0319295" startTime="2016-04-11T13:55:58.9392983-04:00" endTime="2016-04-11T13:56:02.3094911-04:00" testType="13cdc9d9-ddb5-4fa4-a97d-d965ccfc6d4b" outcome="Passed" testListId="8c84fa94-04c1-424b-9868-57a2d4851a1d" relativeResultsDirectory="c7d737bb-a426-4707-b182-b1a6f2924ae0">
    </UnitTestResult>
    <UnitTestResult executionId="127952b8-dea3-4fd2-bb35-2c0574bace9e" testId="04e56434-7492-10f0-6745-256af73e56eb" testName="TestHittingOnePin" computerName="KENROACHLAPTOP" duration="00:00:00.0006069" startTime="2016-04-11T13:56:02.3254920-04:00" endTime="2016-04-11T13:56:02.3364926-04:00" testType="13cdc9d9-ddb5-4fa4-a97d-d965ccfc6d4b" outcome="Passed" testListId="8c84fa94-04c1-424b-9868-57a2d4851a1d" relativeResultsDirectory="127952b8-dea3-4fd2-bb35-2c0574bace9e">
    </UnitTestResult>
  </Results>
</TestRun>