<?xml version="1.0" encoding="UTF-8"?>
<TestRun id="25dddbcc-34e1-4808-a8a1-fe4c2fe22b63" name="KRoach@KENROACHLAPTOP 2016-04-11 14:31:46" runUser="KenRoachLaptop\KRoach" xmlns="http://microsoft.com/schemas/VisualStudio/TeamTest/2010">
  <TestSettings name="Local" id="1db79200-94e9-4abe-b1af-bd478450da06">
    <Description>These are default test settings for a local test run.</Description>
    <Deployment enabled="false" runDeploymentRoot="KRoach_KENROACHLAPTOP 2016-04-11 14_31_46">
      <DeploymentItem filename="D:\ksu\ClassLibrary1\ClassLibrary1\bin\Debug\ClassLibrary1.dll" />
    </Deployment>
    <Execution>
      <TestTypeSpecific />
      <AgentRule name="Execution Agents">
      </AgentRule>
    </Execution>
  </TestSettings>
  <Times creation="2016-04-11T14:31:46.5101324-04:00" queuing="2016-04-11T14:31:49.1772849-04:00" start="2016-04-11T14:31:49.2932916-04:00" finish="2016-04-11T14:31:52.2394601-04:00" />
  <ResultSummary outcome="Completed">
    <Counters total="6" executed="6" passed="6" error="0" failed="0" timeout="0" aborted="0" inconclusive="0" passedButRunAborted="0" notRunnable="0" notExecuted="0" disconnected="0" warning="0" completed="0" inProgress="0" pending="0" />
  </ResultSummary>
  <TestDefinitions>
    <UnitTest name="TestHittingnoPinrolling" storage="d:\ksu2\bowlinggamestest\bowlinggamestest\bin\debug\bowlinggamestest.dll" id="4a69a0a7-0eea-dabb-17d9-ad1acba519a5">
      <Execution id="4c0a1487-bd4d-473f-b118-20a041083c50" />
      <TestMethod codeBase="d:/KSU2/BowlingGamesTest/BowlingGamesTest/bin/Debug/BowlingGamesTest.DLL" adapterTypeName="Microsoft.VisualStudio.TestTools.TestTypes.Unit.UnitTestAdapter, Microsoft.VisualStudio.QualityTools.Tips.UnitTest.Adapter, Version=10.0.0.0, Culture=neutral, PublicKeyToken=b03f5f7f11d50a3a" className="BowlingGamesTest.BowlingGameTest, BowlingGamesTest, Version=1.0.0.0, Culture=neutral, PublicKeyToken=null" name="TestHittingnoPinrolling" />
    </UnitTest>
    <UnitTest name="TestOneStrike" storage="d:\ksu2\bowlinggamestest\bowlinggamestest\bin\debug\bowlinggamestest.dll" id="b7aff995-953a-e0ce-8e8d-fc08a1493f79">
      <Execution id="8304495c-6a72-4d08-9c8a-39e28df2e50c" />
      <TestMethod codeBase="d:/KSU2/BowlingGamesTest/BowlingGamesTest/bin/Debug/BowlingGamesTest.DLL" adapterTypeName="Microsoft.VisualStudio.TestTools.TestTypes.Unit.UnitTestAdapter, Microsoft.VisualStudio.QualityTools.Tips.UnitTest.Adapter, Version=10.0.0.0, Culture=neutral, PublicKeyToken=b03f5f7f11d50a3a" className="BowlingGamesTest.BowlingGameTest, BowlingGamesTest, Version=1.0.0.0, Culture=neutral, PublicKeyToken=null" name="TestOneStrike" />
    </UnitTest>
    <UnitTest name="TestHittingOnePin" storage="d:\ksu2\bowlinggamestest\bowlinggamestest\bin\debug\bowlinggamestest.dll" id="04e56434-7492-10f0-6745-256af73e56eb">
      <Execution id="86ed02fa-3696-46c6-8a3e-81b13423e5bb" />
      <TestMethod codeBase="d:/KSU2/BowlingGamesTest/BowlingGamesTest/bin/Debug/BowlingGamesTest.DLL" adapterTypeName="Microsoft.VisualStudio.TestTools.TestTypes.Unit.UnitTestAdapter, Microsoft.VisualStudio.QualityTools.Tips.UnitTest.Adapter, Version=10.0.0.0, Culture=neutral, PublicKeyToken=b03f5f7f11d50a3a" className="BowlingGamesTest.BowlingGameTest, BowlingGamesTest, Version=1.0.0.0, Culture=neutral, PublicKeyToken=null" name="TestHittingOnePin" />
    </UnitTest>
    <UnitTest name="TestGutter" storage="d:\ksu2\bowlinggamestest\bowlinggamestest\bin\debug\bowlinggamestest.dll" id="da8ec00d-e275-2139-8d9a-7f8698a65513">
      <Execution id="b1da7e63-efb9-4538-a99d-911189072ef9" />
      <TestMethod codeBase="d:/KSU2/BowlingGamesTest/BowlingGamesTest/bin/Debug/BowlingGamesTest.DLL" adapterTypeName="Microsoft.VisualStudio.TestTools.TestTypes.Unit.UnitTestAdapter, Microsoft.VisualStudio.QualityTools.Tips.UnitTest.Adapter, Version=10.0.0.0, Culture=neutral, PublicKeyToken=b03f5f7f11d50a3a" className="BowlingGamesTest.BowlingGameTest, BowlingGamesTest, Version=1.0.0.0, Culture=neutral, PublicKeyToken=null" name="TestGutter" />
    </UnitTest>
    <UnitTest name="TestOneSpare" storage="d:\ksu2\bowlinggamestest\bowlinggamestest\bin\debug\bowlinggamestest.dll" id="0e8508b0-51aa-3918-e685-72720ceb8b2d">
      <Execution id="3b3c2c86-ba20-4bd6-af15-309c84aefa2b" />
      <TestMethod codeBase="d:/KSU2/BowlingGamesTest/BowlingGamesTest/bin/Debug/BowlingGamesTest.DLL" adapterTypeName="Microsoft.VisualStudio.TestTools.TestTypes.Unit.UnitTestAdapter, Microsoft.VisualStudio.QualityTools.Tips.UnitTest.Adapter, Version=10.0.0.0, Culture=neutral, PublicKeyToken=b03f5f7f11d50a3a" className="BowlingGamesTest.BowlingGameTest, BowlingGamesTest, Version=1.0.0.0, Culture=neutral, PublicKeyToken=null" name="TestOneSpare" />
    </UnitTest>
    <UnitTest name="TestHittingOnePinrolling" storage="d:\ksu2\bowlinggamestest\bowlinggamestest\bin\debug\bowlinggamestest.dll" id="0fa7a1b3-788c-c8fe-caf0-33252efd04c0">
      <Execution id="0280b036-3f7d-4f83-b9fc-06c230e270f5" />
      <TestMethod codeBase="d:/KSU2/BowlingGamesTest/BowlingGamesTest/bin/Debug/BowlingGamesTest.DLL" adapterTypeName="Microsoft.VisualStudio.TestTools.TestTypes.Unit.UnitTestAdapter, Microsoft.VisualStudio.QualityTools.Tips.UnitTest.Adapter, Version=10.0.0.0, Culture=neutral, PublicKeyToken=b03f5f7f11d50a3a" className="BowlingGamesTest.BowlingGameTest, BowlingGamesTest, Version=1.0.0.0, Culture=neutral, PublicKeyToken=null" name="TestHittingOnePinrolling" />
    </UnitTest>
  </TestDefinitions>
  <TestLists>
    <TestList name="Results Not in a List" id="8c84fa94-04c1-424b-9868-57a2d4851a1d" />
    <TestList name="All Loaded Results" id="19431567-8539-422a-85d7-44ee4e166bda" />
  </TestLists>
  <TestEntries>
    <TestEntry testId="da8ec00d-e275-2139-8d9a-7f8698a65513" executionId="b1da7e63-efb9-4538-a99d-911189072ef9" testListId="8c84fa94-04c1-424b-9868-57a2d4851a1d" />
    <TestEntry testId="04e56434-7492-10f0-6745-256af73e56eb" executionId="86ed02fa-3696-46c6-8a3e-81b13423e5bb" testListId="8c84fa94-04c1-424b-9868-57a2d4851a1d" />
    <TestEntry testId="4a69a0a7-0eea-dabb-17d9-ad1acba519a5" executionId="4c0a1487-bd4d-473f-b118-20a041083c50" testListId="8c84fa94-04c1-424b-9868-57a2d4851a1d" />
    <TestEntry testId="0fa7a1b3-788c-c8fe-caf0-33252efd04c0" executionId="0280b036-3f7d-4f83-b9fc-06c230e270f5" testListId="8c84fa94-04c1-424b-9868-57a2d4851a1d" />
    <TestEntry testId="0e8508b0-51aa-3918-e685-72720ceb8b2d" executionId="3b3c2c86-ba20-4bd6-af15-309c84aefa2b" testListId="8c84fa94-04c1-424b-9868-57a2d4851a1d" />
    <TestEntry testId="b7aff995-953a-e0ce-8e8d-fc08a1493f79" executionId="8304495c-6a72-4d08-9c8a-39e28df2e50c" testListId="8c84fa94-04c1-424b-9868-57a2d4851a1d" />
  </TestEntries>
  <Results>
    <UnitTestResult executionId="b1da7e63-efb9-4538-a99d-911189072ef9" testId="da8ec00d-e275-2139-8d9a-7f8698a65513" testName="TestGutter" computerName="KENROACHLAPTOP" duration="00:00:00.0247908" startTime="2016-04-11T14:31:49.3552951-04:00" endTime="2016-04-11T14:31:52.0044466-04:00" testType="13cdc9d9-ddb5-4fa4-a97d-d965ccfc6d4b" outcome="Passed" testListId="8c84fa94-04c1-424b-9868-57a2d4851a1d" relativeResultsDirectory="b1da7e63-efb9-4538-a99d-911189072ef9">
    </UnitTestResult>
    <UnitTestResult executionId="86ed02fa-3696-46c6-8a3e-81b13423e5bb" testId="04e56434-7492-10f0-6745-256af73e56eb" testName="TestHittingOnePin" computerName="KENROACHLAPTOP" duration="00:00:00.0005171" startTime="2016-04-11T14:31:52.0244478-04:00" endTime="2016-04-11T14:31:52.0384486-04:00" testType="13cdc9d9-ddb5-4fa4-a97d-d965ccfc6d4b" outcome="Passed" testListId="8c84fa94-04c1-424b-9868-57a2d4851a1d" relativeResultsDirectory="86ed02fa-3696-46c6-8a3e-81b13423e5bb">
    </UnitTestResult>
    <UnitTestResult executionId="4c0a1487-bd4d-473f-b118-20a041083c50" testId="4a69a0a7-0eea-dabb-17d9-ad1acba519a5" testName="TestHittingnoPinrolling" computerName="KENROACHLAPTOP" duration="00:00:00.0006454" startTime="2016-04-11T14:31:52.0504493-04:00" endTime="2016-04-11T14:31:52.0594498-04:00" testType="13cdc9d9-ddb5-4fa4-a97d-d965ccfc6d4b" outcome="Passed" testListId="8c84fa94-04c1-424b-9868-57a2d4851a1d" relativeResultsDirectory="4c0a1487-bd4d-473f-b118-20a041083c50">
    </UnitTestResult>
    <UnitTestResult executionId="0280b036-3f7d-4f83-b9fc-06c230e270f5" testId="0fa7a1b3-788c-c8fe-caf0-33252efd04c0" testName="TestHittingOnePinrolling" computerName="KENROACHLAPTOP" duration="00:00:00.0004260" startTime="2016-04-11T14:31:52.0694503-04:00" endTime="2016-04-11T14:31:52.0794509-04:00" testType="13cdc9d9-ddb5-4fa4-a97d-d965ccfc6d4b" outcome="Passed" testListId="8c84fa94-04c1-424b-9868-57a2d4851a1d" relativeResultsDirectory="0280b036-3f7d-4f83-b9fc-06c230e270f5">
    </UnitTestResult>
    <UnitTestResult executionId="3b3c2c86-ba20-4bd6-af15-309c84aefa2b" testId="0e8508b0-51aa-3918-e685-72720ceb8b2d" testName="TestOneSpare" computerName="KENROACHLAPTOP" duration="00:00:00.0008255" startTime="2016-04-11T14:31:52.0904515-04:00" endTime="2016-04-11T14:31:52.0994521-04:00" testType="13cdc9d9-ddb5-4fa4-a97d-d965ccfc6d4b" outcome="Passed" testListId="8c84fa94-04c1-424b-9868-57a2d4851a1d" relativeResultsDirectory="3b3c2c86-ba20-4bd6-af15-309c84aefa2b">
    </UnitTestResult>
    <UnitTestResult executionId="8304495c-6a72-4d08-9c8a-39e28df2e50c" testId="b7aff995-953a-e0ce-8e8d-fc08a1493f79" testName="TestOneStrike" computerName="KENROACHLAPTOP" duration="00:00:00.0012361" startTime="2016-04-11T14:31:52.1124528-04:00" endTime="2016-04-11T14:31:52.1304538-04:00" testType="13cdc9d9-ddb5-4fa4-a97d-d965ccfc6d4b" outcome="Passed" testListId="8c84fa94-04c1-424b-9868-57a2d4851a1d" relativeResultsDirectory="8304495c-6a72-4d08-9c8a-39e28df2e50c">
    </UnitTestResult>
  </Results>
</TestRun>